\BOOKMARK [0][-]{part.1}{I AP Physics C}{}% 1
\BOOKMARK [1][-]{section.1}{Kinematics}{part.1}% 2
\BOOKMARK [2][-]{subsection.1.1}{Describing Motion 1}{section.1}% 3
\BOOKMARK [3][-]{subsubsection.1.1.1}{Average Speed}{subsection.1.1}% 4
\BOOKMARK [3][-]{subsubsection.1.1.2}{Average Velocity}{subsection.1.1}% 5
\BOOKMARK [3][-]{subsubsection.1.1.3}{Average Velocity}{subsection.1.1}% 6
\BOOKMARK [3][-]{subsubsection.1.1.4}{Displacement}{subsection.1.1}% 7
\BOOKMARK [2][-]{subsection.1.2}{Describing Motion 2}{section.1}% 8
\BOOKMARK [3][-]{subsubsection.1.2.1}{Kinematic Equations}{subsection.1.2}% 9
\BOOKMARK [3][-]{subsubsection.1.2.2}{Acceleration Due to Gravity}{subsection.1.2}% 10
\BOOKMARK [3][-]{subsubsection.1.2.3}{Objects Falling From Rest}{subsection.1.2}% 11
\BOOKMARK [3][-]{subsubsection.1.2.4}{Objects Launched Upward}{subsection.1.2}% 12
\BOOKMARK [2][-]{subsection.1.3}{Projectile Motion}{section.1}% 13
\BOOKMARK [3][-]{subsubsection.1.3.1}{Independence of Motion}{subsection.1.3}% 14
\BOOKMARK [3][-]{subsubsection.1.3.2}{Steps for any Projectile Motion Problem}{subsection.1.3}% 15
\BOOKMARK [3][-]{subsubsection.1.3.3}{Graphing Projectile Motion}{subsection.1.3}% 16
\BOOKMARK [2][-]{subsection.1.4}{Circular And Relative Motion}{section.1}% 17
\BOOKMARK [3][-]{subsubsection.1.4.1}{Converting Linear to Angular Velocity}{subsection.1.4}% 18
\BOOKMARK [1][-]{section.2}{Dynamics}{part.1}% 19
\BOOKMARK [2][-]{subsection.2.1}{Newton's First Law and Free Body diagrams}{section.2}% 20
\BOOKMARK [3][-]{subsubsection.2.1.1}{Force}{subsection.2.1}% 21
\BOOKMARK [3][-]{subsubsection.2.1.2}{Net Force}{subsection.2.1}% 22
\BOOKMARK [3][-]{subsubsection.2.1.3}{Equilibrium}{subsection.2.1}% 23
\BOOKMARK [3][-]{subsubsection.2.1.4}{Free Body Diagram}{subsection.2.1}% 24
\BOOKMARK [2][-]{subsection.2.2}{Newton's 2nd and 3rd Laws of Motion}{section.2}% 25
\BOOKMARK [3][-]{subsubsection.2.2.1}{Newton's 2nd Law of Motion}{subsection.2.2}% 26
\BOOKMARK [3][-]{subsubsection.2.2.2}{Mass vs. Weight}{subsection.2.2}% 27
\BOOKMARK [3][-]{subsubsection.2.2.3}{Newton's 3rd Law of Motion}{subsection.2.2}% 28
\BOOKMARK [2][-]{subsection.2.3}{Friction}{section.2}% 29
\BOOKMARK [3][-]{subsubsection.2.3.1}{Coefficient of Friction}{subsection.2.3}% 30
\BOOKMARK [2][-]{subsection.2.4}{Retarding or Drag Forces}{section.2}% 31
\BOOKMARK [3][-]{subsubsection.2.4.1}{Retarding Forces}{subsection.2.4}% 32
\BOOKMARK [3][-]{subsubsection.2.4.2}{The Skydiver}{subsection.2.4}% 33
\BOOKMARK [2][-]{subsection.2.5}{Ramps and Inclines}{section.2}% 34
\BOOKMARK [3][-]{subsubsection.2.5.1}{Drawing FBD for Ramps}{subsection.2.5}% 35
